# JRE version: OpenJDK Runtime Environment Temurin-17.0.7+7 (17.0.7+7) (build 17.0.7+7)
# Java VM: OpenJDK 64-Bit Server VM Temurin-17.0.7+7 (17.0.7+7, mixed mode, emulated-client, tiered, compressed oops, compressed class ptrs, g1 gc, windows-amd64)
GC Precious Log:
 CPUs: 4 total, 4 available
 Memory: 8014M
 Large Page Support: Disabled
 NUMA Support: Disabled
 Compressed Oops: Enabled (32-bit)
 Heap Region Size: 1M
 Heap Min Capacity: 8M
 Heap Initial Capacity: 126M
 Heap Max Capacity: 1G
 Pre-touch: Disabled
 Parallel Workers: 4
 Concurrent Workers: 1
 Concurrent Refinement Workers: 4
 Periodic GC: Disabled
Heap:
 garbage-first heap   total 294912K, used 109829K [0x00000000c0000000, 0x0000000100000000)
  region size 1024K, 12 young (12288K), 12 survivors (12288K)
 Metaspace       used 48319K, committed 48768K, reserved 1114112K
  class space    used 5867K, committed 6080K, reserved 1048576K
GC Heap History (20 events):
Event: 6.375 GC heap after
{Heap after GC invocations=16 (full 0):
 garbage-first heap   total 112640K, used 42819K [0x00000000c0000000, 0x0000000100000000)
  region size 1024K, 3 young (3072K), 3 survivors (3072K)
 Metaspace       used 42511K, committed 42944K, reserved 1114112K
  class space    used 5327K, committed 5568K, reserved 1048576K
}
Event: 6.534 GC heap before
{Heap before GC invocations=17 (full 0):
 garbage-first heap   total 112640K, used 82755K [0x00000000c0000000, 0x0000000100000000)
  region size 1024K, 43 young (44032K), 3 survivors (3072K)
 Metaspace       used 43461K, committed 43904K, reserved 1114112K
  class space    used 5378K, committed 5568K, reserved 1048576K
}
Event: 6.548 GC heap after
{Heap after GC invocations=18 (full 0):
 garbage-first heap   total 112640K, used 50482K [0x00000000c0000000, 0x0000000100000000)
  region size 1024K, 6 young (6144K), 6 survivors (6144K)
 Metaspace       used 43461K, committed 43904K, reserved 1114112K
  class space    used 5378K, committed 5568K, reserved 1048576K
}
Event: 6.800 GC heap before
{Heap before GC invocations=18 (full 0):
 garbage-first heap   total 112640K, used 83250K [0x00000000c0000000, 0x0000000100000000)
  region size 1024K, 39 young (39936K), 6 survivors (6144K)
 Metaspace       used 44301K, committed 44800K, reserved 1114112K
  class space    used 5479K, committed 5696K, reserved 1048576K
}
Event: 6.823 GC heap after
{Heap after GC invocations=19 (full 0):
 garbage-first heap   total 112640K, used 62041K [0x00000000c0000000, 0x0000000100000000)
  region size 1024K, 5 young (5120K), 5 survivors (5120K)
 Metaspace       used 44301K, committed 44800K, reserved 1114112K
  class space    used 5479K, committed 5696K, reserved 1048576K
}
Event: 6.983 GC heap before
{Heap before GC invocations=19 (full 0):
 garbage-first heap   total 112640K, used 76377K [0x00000000c0000000, 0x0000000100000000)
  region size 1024K, 21 young (21504K), 5 survivors (5120K)
 Metaspace       used 46089K, committed 46528K, reserved 1114112K
  class space    used 5591K, committed 5760K, reserved 1048576K
}
Event: 6.991 GC heap after
{Heap after GC invocations=20 (full 0):
 garbage-first heap   total 112640K, used 66269K [0x00000000c0000000, 0x0000000100000000)
  region size 1024K, 4 young (4096K), 4 survivors (4096K)
 Metaspace       used 46089K, committed 46528K, reserved 1114112K
  class space    used 5591K, committed 5760K, reserved 1048576K
}
Event: 7.073 GC heap before
{Heap before GC invocations=20 (full 0):
 garbage-first heap   total 112640K, used 85725K [0x00000000c0000000, 0x0000000100000000)
  region size 1024K, 23 young (23552K), 4 survivors (4096K)
 Metaspace       used 46851K, committed 47296K, reserved 1114112K
  class space    used 5668K, committed 5888K, reserved 1048576K
}
Event: 7.085 GC heap after
{Heap after GC invocations=21 (full 0):
 garbage-first heap   total 112640K, used 75587K [0x00000000c0000000, 0x0000000100000000)
  region size 1024K, 3 young (3072K), 3 survivors (3072K)
 Metaspace       used 46851K, committed 47296K, reserved 1114112K
  class space    used 5668K, committed 5888K, reserved 1048576K
}
Event: 7.151 GC heap before
{Heap before GC invocations=21 (full 0):
 garbage-first heap   total 147456K, used 88899K [0x00000000c0000000, 0x0000000100000000)
  region size 1024K, 16 young (16384K), 3 survivors (3072K)
 Metaspace       used 47467K, committed 47936K, reserved 1114112K
  class space    used 5749K, committed 5952K, reserved 1048576K
}
Event: 7.187 GC heap after
{Heap after GC invocations=22 (full 0):
 garbage-first heap   total 294912K, used 84803K [0x00000000c0000000, 0x0000000100000000)
  region size 1024K, 2 young (2048K), 2 survivors (2048K)
 Metaspace       used 47467K, committed 47936K, reserved 1114112K
  class space    used 5749K, committed 5952K, reserved 1048576K
}
Event: 7.297 GC heap before
{Heap before GC invocations=23 (full 0):
 garbage-first heap   total 294912K, used 169795K [0x00000000c0000000, 0x0000000100000000)
  region size 1024K, 87 young (89088K), 2 survivors (2048K)
 Metaspace       used 47573K, committed 48000K, reserved 1114112K
  class space    used 5765K, committed 5952K, reserved 1048576K
}
Event: 7.304 GC heap after
{Heap after GC invocations=24 (full 0):
 garbage-first heap   total 294912K, used 88646K [0x00000000c0000000, 0x0000000100000000)
  region size 1024K, 6 young (6144K), 6 survivors (6144K)
 Metaspace       used 47573K, committed 48000K, reserved 1114112K
  class space    used 5765K, committed 5952K, reserved 1048576K
}
Event: 7.388 GC heap before
{Heap before GC invocations=24 (full 0):
 garbage-first heap   total 294912K, used 212550K [0x00000000c0000000, 0x0000000100000000)
  region size 1024K, 128 young (131072K), 6 survivors (6144K)
 Metaspace       used 48021K, committed 48448K, reserved 1114112K
  class space    used 5827K, committed 6016K, reserved 1048576K
}
Event: 7.399 GC heap after
{Heap after GC invocations=25 (full 0):
 garbage-first heap   total 294912K, used 93939K [0x00000000c0000000, 0x0000000100000000)
  region size 1024K, 11 young (11264K), 11 survivors (11264K)
 Metaspace       used 48021K, committed 48448K, reserved 1114112K
  class space    used 5827K, committed 6016K, reserved 1048576K
}
Event: 7.461 GC heap before
{Heap before GC invocations=25 (full 0):
 garbage-first heap   total 294912K, used 220915K [0x00000000c0000000, 0x0000000100000000)
  region size 1024K, 136 young (139264K), 11 survivors (11264K)
 Metaspace       used 48133K, committed 48576K, reserved 1114112K
  class space    used 5841K, committed 6016K, reserved 1048576K
}
Event: 7.474 GC heap after
{Heap after GC invocations=26 (full 0):
 garbage-first heap   total 294912K, used 98581K [0x00000000c0000000, 0x0000000100000000)
  region size 1024K, 14 young (14336K), 14 survivors (14336K)
 Metaspace       used 48133K, committed 48576K, reserved 1114112K
  class space    used 5841K, committed 6016K, reserved 1048576K
}
Event: 7.545 GC heap before
{Heap before GC invocations=26 (full 0):
 garbage-first heap   total 294912K, used 227605K [0x00000000c0000000, 0x0000000100000000)
  region size 1024K, 141 young (144384K), 14 survivors (14336K)
 Metaspace       used 48206K, committed 48640K, reserved 1114112K
  class space    used 5853K, committed 6016K, reserved 1048576K
}
Event: 7.558 GC heap after
{Heap after GC invocations=27 (full 0):
 garbage-first heap   total 294912K, used 104933K [0x00000000c0000000, 0x0000000100000000)
  region size 1024K, 12 young (12288K), 12 survivors (12288K)
 Metaspace       used 48206K, committed 48640K, reserved 1114112K
  class space    used 5853K, committed 6016K, reserved 1048576K
}
Event: 7.628 GC heap before
{Heap before GC invocations=27 (full 0):
 garbage-first heap   total 294912K, used 232933K [0x00000000c0000000, 0x0000000100000000)
  region size 1024K, 138 young (141312K), 12 survivors (12288K)
 Metaspace       used 48319K, committed 48768K, reserved 1114112K
  class space    used 5867K, committed 6080K, reserved 1048576K
}

