# JRE version: OpenJDK Runtime Environment Temurin-17.0.7+7 (17.0.7+7) (build 17.0.7+7)
# Java VM: OpenJDK 64-Bit Server VM Temurin-17.0.7+7 (17.0.7+7, mixed mode, emulated-client, tiered, compressed oops, compressed class ptrs, g1 gc, windows-amd64)
GC Precious Log:
 CPUs: 4 total, 4 available
 Memory: 8014M
 Large Page Support: Disabled
 NUMA Support: Disabled
 Compressed Oops: Enabled (32-bit)
 Heap Region Size: 1M
 Heap Min Capacity: 8M
 Heap Initial Capacity: 126M
 Heap Max Capacity: 1G
 Pre-touch: Disabled
 Parallel Workers: 4
 Concurrent Workers: 1
 Concurrent Refinement Workers: 4
 Periodic GC: Disabled
Heap:
 garbage-first heap   total 307200K, used 109208K [0x00000000c0000000, 0x0000000100000000)
  region size 1024K, 13 young (13312K), 13 survivors (13312K)
 Metaspace       used 48395K, committed 48832K, reserved 1114112K
  class space    used 5873K, committed 6080K, reserved 1048576K
GC Heap History (20 events):
Event: 5.304 GC heap after
{Heap after GC invocations=17 (full 0):
 garbage-first heap   total 148480K, used 46078K [0x00000000c0000000, 0x0000000100000000)
  region size 1024K, 3 young (3072K), 3 survivors (3072K)
 Metaspace       used 42974K, committed 43392K, reserved 1114112K
  class space    used 5332K, committed 5568K, reserved 1048576K
}
Event: 5.675 GC heap before
{Heap before GC invocations=18 (full 0):
 garbage-first heap   total 148480K, used 106494K [0x00000000c0000000, 0x0000000100000000)
  region size 1024K, 63 young (64512K), 3 survivors (3072K)
 Metaspace       used 44719K, committed 45184K, reserved 1114112K
  class space    used 5484K, committed 5696K, reserved 1048576K
}
Event: 5.698 GC heap after
{Heap after GC invocations=19 (full 0):
 garbage-first heap   total 148480K, used 63488K [0x00000000c0000000, 0x0000000100000000)
  region size 1024K, 8 young (8192K), 8 survivors (8192K)
 Metaspace       used 44719K, committed 45184K, reserved 1114112K
  class space    used 5484K, committed 5696K, reserved 1048576K
}
Event: 5.955 GC heap before
{Heap before GC invocations=19 (full 0):
 garbage-first heap   total 148480K, used 108544K [0x00000000c0000000, 0x0000000100000000)
  region size 1024K, 51 young (52224K), 8 survivors (8192K)
 Metaspace       used 47322K, committed 47744K, reserved 1114112K
  class space    used 5722K, committed 5888K, reserved 1048576K
}
Event: 6.000 GC heap after
{Heap after GC invocations=20 (full 0):
 garbage-first heap   total 148480K, used 83968K [0x00000000c0000000, 0x0000000100000000)
  region size 1024K, 7 young (7168K), 7 survivors (7168K)
 Metaspace       used 47322K, committed 47744K, reserved 1114112K
  class space    used 5722K, committed 5888K, reserved 1048576K
}
Event: 6.038 GC heap before
{Heap before GC invocations=20 (full 0):
 garbage-first heap   total 148480K, used 108544K [0x00000000c0000000, 0x0000000100000000)
  region size 1024K, 32 young (32768K), 7 survivors (7168K)
 Metaspace       used 47417K, committed 47872K, reserved 1114112K
  class space    used 5731K, committed 5952K, reserved 1048576K
}
Event: 6.045 GC heap after
{Heap after GC invocations=21 (full 0):
 garbage-first heap   total 148480K, used 86686K [0x00000000c0000000, 0x0000000100000000)
  region size 1024K, 2 young (2048K), 2 survivors (2048K)
 Metaspace       used 47417K, committed 47872K, reserved 1114112K
  class space    used 5731K, committed 5952K, reserved 1048576K
}
Event: 6.088 GC heap before
{Heap before GC invocations=21 (full 0):
 garbage-first heap   total 148480K, used 112286K [0x00000000c0000000, 0x0000000100000000)
  region size 1024K, 28 young (28672K), 2 survivors (2048K)
 Metaspace       used 47451K, committed 47936K, reserved 1114112K
  class space    used 5740K, committed 5952K, reserved 1048576K
}
Event: 6.091 GC heap after
{Heap after GC invocations=22 (full 0):
 garbage-first heap   total 148480K, used 87547K [0x00000000c0000000, 0x0000000100000000)
  region size 1024K, 3 young (3072K), 3 survivors (3072K)
 Metaspace       used 47451K, committed 47936K, reserved 1114112K
  class space    used 5740K, committed 5952K, reserved 1048576K
}
Event: 6.116 GC heap before
{Heap before GC invocations=22 (full 0):
 garbage-first heap   total 148480K, used 114171K [0x00000000c0000000, 0x0000000100000000)
  region size 1024K, 30 young (30720K), 3 survivors (3072K)
 Metaspace       used 47497K, committed 47936K, reserved 1114112K
  class space    used 5746K, committed 5952K, reserved 1048576K
}
Event: 6.121 GC heap after
{Heap after GC invocations=23 (full 0):
 garbage-first heap   total 296960K, used 88988K [0x00000000c0000000, 0x0000000100000000)
  region size 1024K, 3 young (3072K), 3 survivors (3072K)
 Metaspace       used 47497K, committed 47936K, reserved 1114112K
  class space    used 5746K, committed 5952K, reserved 1048576K
}
Event: 6.261 GC heap before
{Heap before GC invocations=23 (full 0):
 garbage-first heap   total 307200K, used 202652K [0x00000000c0000000, 0x0000000100000000)
  region size 1024K, 116 young (118784K), 3 survivors (3072K)
 Metaspace       used 48024K, committed 48448K, reserved 1114112K
  class space    used 5816K, committed 6016K, reserved 1048576K
}
Event: 6.270 GC heap after
{Heap after GC invocations=24 (full 0):
 garbage-first heap   total 307200K, used 92171K [0x00000000c0000000, 0x0000000100000000)
  region size 1024K, 7 young (7168K), 7 survivors (7168K)
 Metaspace       used 48024K, committed 48448K, reserved 1114112K
  class space    used 5816K, committed 6016K, reserved 1048576K
}
Event: 6.373 GC heap before
{Heap before GC invocations=25 (full 0):
 garbage-first heap   total 307200K, used 234507K [0x00000000c0000000, 0x0000000100000000)
  region size 1024K, 147 young (150528K), 7 survivors (7168K)
 Metaspace       used 48156K, committed 48576K, reserved 1114112K
  class space    used 5835K, committed 6016K, reserved 1048576K
}
Event: 6.384 GC heap after
{Heap after GC invocations=26 (full 0):
 garbage-first heap   total 307200K, used 97894K [0x00000000c0000000, 0x0000000100000000)
  region size 1024K, 13 young (13312K), 13 survivors (13312K)
 Metaspace       used 48156K, committed 48576K, reserved 1114112K
  class space    used 5835K, committed 6016K, reserved 1048576K
}
Event: 6.385 GC heap before
{Heap before GC invocations=26 (full 0):
 garbage-first heap   total 307200K, used 98918K [0x00000000c0000000, 0x0000000100000000)
  region size 1024K, 15 young (15360K), 13 survivors (13312K)
 Metaspace       used 48156K, committed 48576K, reserved 1114112K
  class space    used 5835K, committed 6016K, reserved 1048576K
}
Event: 6.394 GC heap after
{Heap after GC invocations=27 (full 0):
 garbage-first heap   total 307200K, used 97644K [0x00000000c0000000, 0x0000000100000000)
  region size 1024K, 2 young (2048K), 2 survivors (2048K)
 Metaspace       used 48156K, committed 48576K, reserved 1114112K
  class space    used 5835K, committed 6016K, reserved 1048576K
}
Event: 6.474 GC heap before
{Heap before GC invocations=27 (full 0):
 garbage-first heap   total 307200K, used 241004K [0x00000000c0000000, 0x0000000100000000)
  region size 1024K, 143 young (146432K), 2 survivors (2048K)
 Metaspace       used 48233K, committed 48640K, reserved 1114112K
  class space    used 5844K, committed 6016K, reserved 1048576K
}
Event: 6.481 GC heap after
{Heap after GC invocations=28 (full 0):
 garbage-first heap   total 307200K, used 102903K [0x00000000c0000000, 0x0000000100000000)
  region size 1024K, 7 young (7168K), 7 survivors (7168K)
 Metaspace       used 48233K, committed 48640K, reserved 1114112K
  class space    used 5844K, committed 6016K, reserved 1048576K
}
Event: 6.593 GC heap before
{Heap before GC invocations=28 (full 0):
 garbage-first heap   total 307200K, used 245239K [0x00000000c0000000, 0x0000000100000000)
  region size 1024K, 148 young (151552K), 7 survivors (7168K)
 Metaspace       used 48395K, committed 48832K, reserved 1114112K
  class space    used 5873K, committed 6080K, reserved 1048576K
}

