# JRE version: OpenJDK Runtime Environment Temurin-17.0.7+7 (17.0.7+7) (build 17.0.7+7)
# Java VM: OpenJDK 64-Bit Server VM Temurin-17.0.7+7 (17.0.7+7, mixed mode, emulated-client, tiered, compressed oops, compressed class ptrs, g1 gc, windows-amd64)
GC Precious Log:
 CPUs: 4 total, 4 available
 Memory: 8014M
 Large Page Support: Disabled
 NUMA Support: Disabled
 Compressed Oops: Enabled (32-bit)
 Heap Region Size: 1M
 Heap Min Capacity: 8M
 Heap Initial Capacity: 126M
 Heap Max Capacity: 1G
 Pre-touch: Disabled
 Parallel Workers: 4
 Concurrent Workers: 1
 Concurrent Refinement Workers: 4
 Periodic GC: Disabled
Heap:
 garbage-first heap   total 289792K, used 107195K [0x00000000c0000000, 0x0000000100000000)
  region size 1024K, 11 young (11264K), 11 survivors (11264K)
 Metaspace       used 47890K, committed 48320K, reserved 1114112K
  class space    used 5813K, committed 6016K, reserved 1048576K
GC Heap History (20 events):
Event: 6.128 GC heap after
{Heap after GC invocations=16 (full 0):
 garbage-first heap   total 119808K, used 44333K [0x00000000c0000000, 0x0000000100000000)
  region size 1024K, 3 young (3072K), 3 survivors (3072K)
 Metaspace       used 42589K, committed 43008K, reserved 1114112K
  class space    used 5325K, committed 5504K, reserved 1048576K
}
Event: 6.287 GC heap before
{Heap before GC invocations=17 (full 0):
 garbage-first heap   total 119808K, used 87341K [0x00000000c0000000, 0x0000000100000000)
  region size 1024K, 46 young (47104K), 3 survivors (3072K)
 Metaspace       used 43422K, committed 43904K, reserved 1114112K
  class space    used 5371K, committed 5568K, reserved 1048576K
}
Event: 6.305 GC heap after
{Heap after GC invocations=18 (full 0):
 garbage-first heap   total 119808K, used 54776K [0x00000000c0000000, 0x0000000100000000)
  region size 1024K, 6 young (6144K), 6 survivors (6144K)
 Metaspace       used 43422K, committed 43904K, reserved 1114112K
  class space    used 5371K, committed 5568K, reserved 1048576K
}
Event: 6.592 GC heap before
{Heap before GC invocations=18 (full 0):
 garbage-first heap   total 119808K, used 87544K [0x00000000c0000000, 0x0000000100000000)
  region size 1024K, 39 young (39936K), 6 survivors (6144K)
 Metaspace       used 44371K, committed 44800K, reserved 1114112K
  class space    used 5478K, committed 5632K, reserved 1048576K
}
Event: 6.609 GC heap after
{Heap after GC invocations=19 (full 0):
 garbage-first heap   total 119808K, used 64742K [0x00000000c0000000, 0x0000000100000000)
  region size 1024K, 5 young (5120K), 5 survivors (5120K)
 Metaspace       used 44371K, committed 44800K, reserved 1114112K
  class space    used 5478K, committed 5632K, reserved 1048576K
}
Event: 6.689 GC heap before
{Heap before GC invocations=19 (full 0):
 garbage-first heap   total 119808K, used 72934K [0x00000000c0000000, 0x0000000100000000)
  region size 1024K, 15 young (15360K), 5 survivors (5120K)
 Metaspace       used 45460K, committed 45888K, reserved 1114112K
  class space    used 5527K, committed 5696K, reserved 1048576K
}
Event: 6.697 GC heap after
{Heap after GC invocations=20 (full 0):
 garbage-first heap   total 119808K, used 68473K [0x00000000c0000000, 0x0000000100000000)
  region size 1024K, 3 young (3072K), 3 survivors (3072K)
 Metaspace       used 45460K, committed 45888K, reserved 1114112K
  class space    used 5527K, committed 5696K, reserved 1048576K
}
Event: 6.818 GC heap before
{Heap before GC invocations=20 (full 0):
 garbage-first heap   total 119808K, used 93049K [0x00000000c0000000, 0x0000000100000000)
  region size 1024K, 26 young (26624K), 3 survivors (3072K)
 Metaspace       used 46598K, committed 47040K, reserved 1114112K
  class space    used 5636K, committed 5824K, reserved 1048576K
}
Event: 6.836 GC heap after
{Heap after GC invocations=21 (full 0):
 garbage-first heap   total 119808K, used 80215K [0x00000000c0000000, 0x0000000100000000)
  region size 1024K, 4 young (4096K), 4 survivors (4096K)
 Metaspace       used 46598K, committed 47040K, reserved 1114112K
  class space    used 5636K, committed 5824K, reserved 1048576K
}
Event: 6.903 GC heap before
{Heap before GC invocations=21 (full 0):
 garbage-first heap   total 138240K, used 93527K [0x00000000c0000000, 0x0000000100000000)
  region size 1024K, 18 young (18432K), 4 survivors (4096K)
 Metaspace       used 46959K, committed 47424K, reserved 1114112K
  class space    used 5684K, committed 5888K, reserved 1048576K
}
Event: 6.935 GC heap after
{Heap after GC invocations=22 (full 0):
 garbage-first heap   total 289792K, used 87049K [0x00000000c0000000, 0x0000000100000000)
  region size 1024K, 3 young (3072K), 3 survivors (3072K)
 Metaspace       used 46959K, committed 47424K, reserved 1114112K
  class space    used 5684K, committed 5888K, reserved 1048576K
}
Event: 7.072 GC heap before
{Heap before GC invocations=23 (full 0):
 garbage-first heap   total 289792K, used 193545K [0x00000000c0000000, 0x0000000100000000)
  region size 1024K, 108 young (110592K), 3 survivors (3072K)
 Metaspace       used 47374K, committed 47872K, reserved 1114112K
  class space    used 5743K, committed 5952K, reserved 1048576K
}
Event: 7.085 GC heap after
{Heap after GC invocations=24 (full 0):
 garbage-first heap   total 289792K, used 91145K [0x00000000c0000000, 0x0000000100000000)
  region size 1024K, 7 young (7168K), 7 survivors (7168K)
 Metaspace       used 47374K, committed 47872K, reserved 1114112K
  class space    used 5743K, committed 5952K, reserved 1048576K
}
Event: 7.090 GC heap before
{Heap before GC invocations=24 (full 0):
 garbage-first heap   total 289792K, used 97289K [0x00000000c0000000, 0x0000000100000000)
  region size 1024K, 14 young (14336K), 7 survivors (7168K)
 Metaspace       used 47374K, committed 47872K, reserved 1114112K
  class space    used 5743K, committed 5952K, reserved 1048576K
}
Event: 7.097 GC heap after
{Heap after GC invocations=25 (full 0):
 garbage-first heap   total 289792K, used 92078K [0x00000000c0000000, 0x0000000100000000)
  region size 1024K, 1 young (1024K), 1 survivors (1024K)
 Metaspace       used 47374K, committed 47872K, reserved 1114112K
  class space    used 5743K, committed 5952K, reserved 1048576K
}
Event: 7.191 GC heap before
{Heap before GC invocations=25 (full 0):
 garbage-first heap   total 289792K, used 221102K [0x00000000c0000000, 0x0000000100000000)
  region size 1024K, 128 young (131072K), 1 survivors (1024K)
 Metaspace       used 47545K, committed 48000K, reserved 1114112K
  class space    used 5756K, committed 5952K, reserved 1048576K
}
Event: 7.200 GC heap after
{Heap after GC invocations=26 (full 0):
 garbage-first heap   total 289792K, used 96701K [0x00000000c0000000, 0x0000000100000000)
  region size 1024K, 6 young (6144K), 6 survivors (6144K)
 Metaspace       used 47545K, committed 48000K, reserved 1114112K
  class space    used 5756K, committed 5952K, reserved 1048576K
}
Event: 7.279 GC heap before
{Heap before GC invocations=26 (full 0):
 garbage-first heap   total 289792K, used 225725K [0x00000000c0000000, 0x0000000100000000)
  region size 1024K, 134 young (137216K), 6 survivors (6144K)
 Metaspace       used 47605K, committed 48064K, reserved 1114112K
  class space    used 5762K, committed 5952K, reserved 1048576K
}
Event: 7.292 GC heap after
{Heap after GC invocations=27 (full 0):
 garbage-first heap   total 289792K, used 101947K [0x00000000c0000000, 0x0000000100000000)
  region size 1024K, 11 young (11264K), 11 survivors (11264K)
 Metaspace       used 47605K, committed 48064K, reserved 1114112K
  class space    used 5762K, committed 5952K, reserved 1048576K
}
Event: 7.370 GC heap before
{Heap before GC invocations=27 (full 0):
 garbage-first heap   total 289792K, used 230971K [0x00000000c0000000, 0x0000000100000000)
  region size 1024K, 138 young (141312K), 11 survivors (11264K)
 Metaspace       used 47890K, committed 48320K, reserved 1114112K
  class space    used 5813K, committed 6016K, reserved 1048576K
}

