# JRE version: OpenJDK Runtime Environment Temurin-17.0.7+7 (17.0.7+7) (build 17.0.7+7)
# Java VM: OpenJDK 64-Bit Server VM Temurin-17.0.7+7 (17.0.7+7, mixed mode, emulated-client, tiered, compressed oops, compressed class ptrs, g1 gc, windows-amd64)
GC Precious Log:
 CPUs: 4 total, 4 available
 Memory: 8014M
 Large Page Support: Disabled
 NUMA Support: Disabled
 Compressed Oops: Enabled (32-bit)
 Heap Region Size: 1M
 Heap Min Capacity: 8M
 Heap Initial Capacity: 126M
 Heap Max Capacity: 1G
 Pre-touch: Disabled
 Parallel Workers: 4
 Concurrent Workers: 1
 Concurrent Refinement Workers: 4
 Periodic GC: Disabled
Heap:
 garbage-first heap   total 142336K, used 86780K [0x00000000c0000000, 0x0000000100000000)
  region size 1024K, 3 young (3072K), 3 survivors (3072K)
 Metaspace       used 47540K, committed 48000K, reserved 1114112K
  class space    used 5738K, committed 5952K, reserved 1048576K
GC Heap History (20 events):
Event: 4.268 GC heap after
{Heap after GC invocations=11 (full 0):
 garbage-first heap   total 82944K, used 21447K [0x00000000c0000000, 0x0000000100000000)
  region size 1024K, 4 young (4096K), 4 survivors (4096K)
 Metaspace       used 35870K, committed 36160K, reserved 1114112K
  class space    used 4352K, committed 4480K, reserved 1048576K
}
Event: 5.247 GC heap before
{Heap before GC invocations=12 (full 0):
 garbage-first heap   total 78848K, used 62407K [0x00000000c0000000, 0x0000000100000000)
  region size 1024K, 43 young (44032K), 4 survivors (4096K)
 Metaspace       used 40756K, committed 41152K, reserved 1114112K
  class space    used 5128K, committed 5312K, reserved 1048576K
}
Event: 5.256 GC heap after
{Heap after GC invocations=13 (full 0):
 garbage-first heap   total 78848K, used 26220K [0x00000000c0000000, 0x0000000100000000)
  region size 1024K, 6 young (6144K), 6 survivors (6144K)
 Metaspace       used 40756K, committed 41152K, reserved 1114112K
  class space    used 5128K, committed 5312K, reserved 1048576K
}
Event: 5.519 GC heap before
{Heap before GC invocations=13 (full 0):
 garbage-first heap   total 78848K, used 56940K [0x00000000c0000000, 0x0000000100000000)
  region size 1024K, 37 young (37888K), 6 survivors (6144K)
 Metaspace       used 41302K, committed 41728K, reserved 1114112K
  class space    used 5196K, committed 5376K, reserved 1048576K
}
Event: 5.530 GC heap after
{Heap after GC invocations=14 (full 0):
 garbage-first heap   total 78848K, used 31587K [0x00000000c0000000, 0x0000000100000000)
  region size 1024K, 5 young (5120K), 5 survivors (5120K)
 Metaspace       used 41302K, committed 41728K, reserved 1114112K
  class space    used 5196K, committed 5376K, reserved 1048576K
}
Event: 5.689 GC heap before
{Heap before GC invocations=14 (full 0):
 garbage-first heap   total 78848K, used 57187K [0x00000000c0000000, 0x0000000100000000)
  region size 1024K, 31 young (31744K), 5 survivors (5120K)
 Metaspace       used 41763K, committed 42240K, reserved 1114112K
  class space    used 5230K, committed 5440K, reserved 1048576K
}
Event: 5.699 GC heap after
{Heap after GC invocations=15 (full 0):
 garbage-first heap   total 78848K, used 36814K [0x00000000c0000000, 0x0000000100000000)
  region size 1024K, 4 young (4096K), 4 survivors (4096K)
 Metaspace       used 41763K, committed 42240K, reserved 1114112K
  class space    used 5230K, committed 5440K, reserved 1048576K
}
Event: 5.783 GC heap before
{Heap before GC invocations=15 (full 0):
 garbage-first heap   total 78848K, used 58318K [0x00000000c0000000, 0x0000000100000000)
  region size 1024K, 26 young (26624K), 4 survivors (4096K)
 Metaspace       used 42344K, committed 42816K, reserved 1114112K
  class space    used 5298K, committed 5504K, reserved 1048576K
}
Event: 5.791 GC heap after
{Heap after GC invocations=16 (full 0):
 garbage-first heap   total 78848K, used 41505K [0x00000000c0000000, 0x0000000100000000)
  region size 1024K, 4 young (4096K), 4 survivors (4096K)
 Metaspace       used 42344K, committed 42816K, reserved 1114112K
  class space    used 5298K, committed 5504K, reserved 1048576K
}
Event: 5.847 GC heap before
{Heap before GC invocations=16 (full 0):
 garbage-first heap   total 78848K, used 59937K [0x00000000c0000000, 0x0000000100000000)
  region size 1024K, 22 young (22528K), 4 survivors (4096K)
 Metaspace       used 42724K, committed 43136K, reserved 1114112K
  class space    used 5322K, committed 5504K, reserved 1048576K
}
Event: 5.855 GC heap after
{Heap after GC invocations=17 (full 0):
 garbage-first heap   total 120832K, used 44304K [0x00000000c0000000, 0x0000000100000000)
  region size 1024K, 3 young (3072K), 3 survivors (3072K)
 Metaspace       used 42724K, committed 43136K, reserved 1114112K
  class space    used 5322K, committed 5504K, reserved 1048576K
}
Event: 6.007 GC heap before
{Heap before GC invocations=18 (full 0):
 garbage-first heap   total 120832K, used 89360K [0x00000000c0000000, 0x0000000100000000)
  region size 1024K, 48 young (49152K), 3 survivors (3072K)
 Metaspace       used 43465K, committed 43904K, reserved 1114112K
  class space    used 5363K, committed 5568K, reserved 1048576K
}
Event: 6.027 GC heap after
{Heap after GC invocations=19 (full 0):
 garbage-first heap   total 120832K, used 56726K [0x00000000c0000000, 0x0000000100000000)
  region size 1024K, 6 young (6144K), 6 survivors (6144K)
 Metaspace       used 43465K, committed 43904K, reserved 1114112K
  class space    used 5363K, committed 5568K, reserved 1048576K
}
Event: 6.331 GC heap before
{Heap before GC invocations=19 (full 0):
 garbage-first heap   total 120832K, used 88470K [0x00000000c0000000, 0x0000000100000000)
  region size 1024K, 38 young (38912K), 6 survivors (6144K)
 Metaspace       used 45856K, committed 46336K, reserved 1114112K
  class space    used 5542K, committed 5760K, reserved 1048576K
}
Event: 6.344 GC heap after
{Heap after GC invocations=20 (full 0):
 garbage-first heap   total 120832K, used 64531K [0x00000000c0000000, 0x0000000100000000)
  region size 1024K, 5 young (5120K), 5 survivors (5120K)
 Metaspace       used 45856K, committed 46336K, reserved 1114112K
  class space    used 5542K, committed 5760K, reserved 1048576K
}
Event: 6.414 GC heap before
{Heap before GC invocations=20 (full 0):
 garbage-first heap   total 120832K, used 71699K [0x00000000c0000000, 0x0000000100000000)
  region size 1024K, 14 young (14336K), 5 survivors (5120K)
 Metaspace       used 46515K, committed 46976K, reserved 1114112K
  class space    used 5614K, committed 5824K, reserved 1048576K
}
Event: 6.422 GC heap after
{Heap after GC invocations=21 (full 0):
 garbage-first heap   total 120832K, used 68198K [0x00000000c0000000, 0x0000000100000000)
  region size 1024K, 3 young (3072K), 3 survivors (3072K)
 Metaspace       used 46515K, committed 46976K, reserved 1114112K
  class space    used 5614K, committed 5824K, reserved 1048576K
}
Event: 6.544 GC heap before
{Heap before GC invocations=21 (full 0):
 garbage-first heap   total 120832K, used 93798K [0x00000000c0000000, 0x0000000100000000)
  region size 1024K, 27 young (27648K), 3 survivors (3072K)
 Metaspace       used 47316K, committed 47744K, reserved 1114112K
  class space    used 5718K, committed 5888K, reserved 1048576K
}
Event: 6.561 GC heap after
{Heap after GC invocations=22 (full 0):
 garbage-first heap   total 120832K, used 80912K [0x00000000c0000000, 0x0000000100000000)
  region size 1024K, 4 young (4096K), 4 survivors (4096K)
 Metaspace       used 47316K, committed 47744K, reserved 1114112K
  class space    used 5718K, committed 5888K, reserved 1048576K
}
Event: 6.614 GC heap before
{Heap before GC invocations=22 (full 0):
 garbage-first heap   total 142336K, used 93200K [0x00000000c0000000, 0x0000000100000000)
  region size 1024K, 17 young (17408K), 4 survivors (4096K)
 Metaspace       used 47540K, committed 48000K, reserved 1114112K
  class space    used 5738K, committed 5952K, reserved 1048576K
}

