# JRE version: OpenJDK Runtime Environment Temurin-17.0.7+7 (17.0.7+7) (build 17.0.7+7)
# Java VM: OpenJDK 64-Bit Server VM Temurin-17.0.7+7 (17.0.7+7, mixed mode, emulated-client, tiered, compressed oops, compressed class ptrs, g1 gc, windows-amd64)
GC Precious Log:
 CPUs: 4 total, 4 available
 Memory: 8014M
 Large Page Support: Disabled
 NUMA Support: Disabled
 Compressed Oops: Enabled (32-bit)
 Heap Region Size: 1M
 Heap Min Capacity: 8M
 Heap Initial Capacity: 126M
 Heap Max Capacity: 1G
 Pre-touch: Disabled
 Parallel Workers: 4
 Concurrent Workers: 1
 Concurrent Refinement Workers: 4
 Periodic GC: Disabled
Heap:
 garbage-first heap   total 212992K, used 97518K [0x00000000c0000000, 0x0000000100000000)
  region size 1024K, 6 young (6144K), 6 survivors (6144K)
 Metaspace       used 47754K, committed 48192K, reserved 1114112K
  class space    used 5780K, committed 5952K, reserved 1048576K
GC Heap History (20 events):
Event: 5.726 GC heap after
{Heap after GC invocations=14 (full 0):
 garbage-first heap   total 81920K, used 38251K [0x00000000c0000000, 0x0000000100000000)
  region size 1024K, 4 young (4096K), 4 survivors (4096K)
 Metaspace       used 41489K, committed 41984K, reserved 1114112K
  class space    used 5219K, committed 5440K, reserved 1048576K
}
Event: 5.795 GC heap before
{Heap before GC invocations=14 (full 0):
 garbage-first heap   total 81920K, used 59755K [0x00000000c0000000, 0x0000000100000000)
  region size 1024K, 26 young (26624K), 4 survivors (4096K)
 Metaspace       used 41896K, committed 42368K, reserved 1114112K
  class space    used 5248K, committed 5440K, reserved 1048576K
}
Event: 5.803 GC heap after
{Heap after GC invocations=15 (full 0):
 garbage-first heap   total 109568K, used 42909K [0x00000000c0000000, 0x0000000100000000)
  region size 1024K, 4 young (4096K), 4 survivors (4096K)
 Metaspace       used 41896K, committed 42368K, reserved 1114112K
  class space    used 5248K, committed 5440K, reserved 1048576K
}
Event: 5.935 GC heap before
{Heap before GC invocations=15 (full 0):
 garbage-first heap   total 109568K, used 78749K [0x00000000c0000000, 0x0000000100000000)
  region size 1024K, 40 young (40960K), 4 survivors (4096K)
 Metaspace       used 42943K, committed 43328K, reserved 1114112K
  class space    used 5325K, committed 5504K, reserved 1048576K
}
Event: 5.949 GC heap after
{Heap after GC invocations=16 (full 0):
 garbage-first heap   total 109568K, used 49245K [0x00000000c0000000, 0x0000000100000000)
  region size 1024K, 5 young (5120K), 5 survivors (5120K)
 Metaspace       used 42943K, committed 43328K, reserved 1114112K
  class space    used 5325K, committed 5504K, reserved 1048576K
}
Event: 6.090 GC heap before
{Heap before GC invocations=16 (full 0):
 garbage-first heap   total 109568K, used 80989K [0x00000000c0000000, 0x0000000100000000)
  region size 1024K, 37 young (37888K), 5 survivors (5120K)
 Metaspace       used 43408K, committed 43840K, reserved 1114112K
  class space    used 5360K, committed 5568K, reserved 1048576K
}
Event: 6.110 GC heap after
{Heap after GC invocations=17 (full 0):
 garbage-first heap   total 109568K, used 60418K [0x00000000c0000000, 0x0000000100000000)
  region size 1024K, 5 young (5120K), 5 survivors (5120K)
 Metaspace       used 43408K, committed 43840K, reserved 1114112K
  class space    used 5360K, committed 5568K, reserved 1048576K
}
Event: 6.376 GC heap before
{Heap before GC invocations=17 (full 0):
 garbage-first heap   total 109568K, used 80898K [0x00000000c0000000, 0x0000000100000000)
  region size 1024K, 26 young (26624K), 5 survivors (5120K)
 Metaspace       used 45120K, committed 45568K, reserved 1114112K
  class space    used 5489K, committed 5696K, reserved 1048576K
}
Event: 6.385 GC heap after
{Heap after GC invocations=18 (full 0):
 garbage-first heap   total 109568K, used 66503K [0x00000000c0000000, 0x0000000100000000)
  region size 1024K, 4 young (4096K), 4 survivors (4096K)
 Metaspace       used 45120K, committed 45568K, reserved 1114112K
  class space    used 5489K, committed 5696K, reserved 1048576K
}
Event: 6.492 GC heap before
{Heap before GC invocations=18 (full 0):
 garbage-first heap   total 109568K, used 83911K [0x00000000c0000000, 0x0000000100000000)
  region size 1024K, 21 young (21504K), 4 survivors (4096K)
 Metaspace       used 46044K, committed 46464K, reserved 1114112K
  class space    used 5572K, committed 5760K, reserved 1048576K
}
Event: 6.505 GC heap after
{Heap after GC invocations=19 (full 0):
 garbage-first heap   total 212992K, used 74157K [0x00000000c0000000, 0x0000000100000000)
  region size 1024K, 3 young (3072K), 3 survivors (3072K)
 Metaspace       used 46044K, committed 46464K, reserved 1114112K
  class space    used 5572K, committed 5760K, reserved 1048576K
}
Event: 6.691 GC heap before
{Heap before GC invocations=20 (full 0):
 garbage-first heap   total 212992K, used 149933K [0x00000000c0000000, 0x0000000100000000)
  region size 1024K, 77 young (78848K), 3 survivors (3072K)
 Metaspace       used 47281K, committed 47744K, reserved 1114112K
  class space    used 5711K, committed 5888K, reserved 1048576K
}
Event: 6.728 GC heap after
{Heap after GC invocations=21 (full 0):
 garbage-first heap   total 212992K, used 88722K [0x00000000c0000000, 0x0000000100000000)
  region size 1024K, 10 young (10240K), 10 survivors (10240K)
 Metaspace       used 47281K, committed 47744K, reserved 1114112K
  class space    used 5711K, committed 5888K, reserved 1048576K
}
Event: 6.739 GC heap before
{Heap before GC invocations=21 (full 0):
 garbage-first heap   total 212992K, used 88722K [0x00000000c0000000, 0x0000000100000000)
  region size 1024K, 11 young (11264K), 10 survivors (10240K)
 Metaspace       used 47281K, committed 47744K, reserved 1114112K
  class space    used 5711K, committed 5888K, reserved 1048576K
}
Event: 6.748 GC heap after
{Heap after GC invocations=22 (full 0):
 garbage-first heap   total 212992K, used 90748K [0x00000000c0000000, 0x0000000100000000)
  region size 1024K, 2 young (2048K), 2 survivors (2048K)
 Metaspace       used 47281K, committed 47744K, reserved 1114112K
  class space    used 5711K, committed 5888K, reserved 1048576K
}
Event: 6.787 GC heap before
{Heap before GC invocations=22 (full 0):
 garbage-first heap   total 212992K, used 150140K [0x00000000c0000000, 0x0000000100000000)
  region size 1024K, 61 young (62464K), 2 survivors (2048K)
 Metaspace       used 47517K, committed 48000K, reserved 1114112K
  class space    used 5745K, committed 5952K, reserved 1048576K
}
Event: 6.791 GC heap after
{Heap after GC invocations=23 (full 0):
 garbage-first heap   total 212992K, used 92239K [0x00000000c0000000, 0x0000000100000000)
  region size 1024K, 3 young (3072K), 3 survivors (3072K)
 Metaspace       used 47517K, committed 48000K, reserved 1114112K
  class space    used 5745K, committed 5952K, reserved 1048576K
}
Event: 6.840 GC heap before
{Heap before GC invocations=23 (full 0):
 garbage-first heap   total 212992K, used 153679K [0x00000000c0000000, 0x0000000100000000)
  region size 1024K, 64 young (65536K), 3 survivors (3072K)
 Metaspace       used 47528K, committed 48000K, reserved 1114112K
  class space    used 5746K, committed 5952K, reserved 1048576K
}
Event: 6.844 GC heap after
{Heap after GC invocations=24 (full 0):
 garbage-first heap   total 212992K, used 94802K [0x00000000c0000000, 0x0000000100000000)
  region size 1024K, 6 young (6144K), 6 survivors (6144K)
 Metaspace       used 47528K, committed 48000K, reserved 1114112K
  class space    used 5746K, committed 5952K, reserved 1048576K
}
Event: 6.883 GC heap before
{Heap before GC invocations=24 (full 0):
 garbage-first heap   total 212992K, used 159314K [0x00000000c0000000, 0x0000000100000000)
  region size 1024K, 70 young (71680K), 6 survivors (6144K)
 Metaspace       used 47754K, committed 48192K, reserved 1114112K
  class space    used 5780K, committed 5952K, reserved 1048576K
}

