# JRE version: OpenJDK Runtime Environment Temurin-17.0.7+7 (17.0.7+7) (build 17.0.7+7)
# Java VM: OpenJDK 64-Bit Server VM Temurin-17.0.7+7 (17.0.7+7, mixed mode, emulated-client, tiered, compressed oops, compressed class ptrs, g1 gc, windows-amd64)
GC Precious Log:
 CPUs: 4 total, 4 available
 Memory: 8014M
 Large Page Support: Disabled
 NUMA Support: Disabled
 Compressed Oops: Enabled (32-bit)
 Heap Region Size: 1M
 Heap Min Capacity: 8M
 Heap Initial Capacity: 126M
 Heap Max Capacity: 1G
 Pre-touch: Disabled
 Parallel Workers: 4
 Concurrent Workers: 1
 Concurrent Refinement Workers: 4
 Periodic GC: Disabled
Heap:
 garbage-first heap   total 262144K, used 99823K [0x00000000c0000000, 0x0000000100000000)
  region size 1024K, 11 young (11264K), 11 survivors (11264K)
 Metaspace       used 47788K, committed 48192K, reserved 1114112K
  class space    used 5781K, committed 5952K, reserved 1048576K
GC Heap History (20 events):
Event: 6.341 GC heap after
{Heap after GC invocations=18 (full 0):
 garbage-first heap   total 123904K, used 42952K [0x00000000c0000000, 0x0000000100000000)
  region size 1024K, 2 young (2048K), 2 survivors (2048K)
 Metaspace       used 42034K, committed 42496K, reserved 1114112K
  class space    used 5265K, committed 5504K, reserved 1048576K
}
Event: 6.830 GC heap before
{Heap before GC invocations=19 (full 0):
 garbage-first heap   total 123904K, used 88008K [0x00000000c0000000, 0x0000000100000000)
  region size 1024K, 47 young (48128K), 2 survivors (2048K)
 Metaspace       used 43108K, committed 43584K, reserved 1114112K
  class space    used 5328K, committed 5568K, reserved 1048576K
}
Event: 6.857 GC heap after
{Heap after GC invocations=20 (full 0):
 garbage-first heap   total 123904K, used 50702K [0x00000000c0000000, 0x0000000100000000)
  region size 1024K, 6 young (6144K), 6 survivors (6144K)
 Metaspace       used 43108K, committed 43584K, reserved 1114112K
  class space    used 5328K, committed 5568K, reserved 1048576K
}
Event: 6.921 GC heap before
{Heap before GC invocations=20 (full 0):
 garbage-first heap   total 123904K, used 51726K [0x00000000c0000000, 0x0000000100000000)
  region size 1024K, 7 young (7168K), 6 survivors (6144K)
 Metaspace       used 43148K, committed 43584K, reserved 1114112K
  class space    used 5340K, committed 5568K, reserved 1048576K
}
Event: 6.933 GC heap after
{Heap after GC invocations=21 (full 0):
 garbage-first heap   total 123904K, used 51122K [0x00000000c0000000, 0x0000000100000000)
  region size 1024K, 1 young (1024K), 1 survivors (1024K)
 Metaspace       used 43148K, committed 43584K, reserved 1114112K
  class space    used 5340K, committed 5568K, reserved 1048576K
}
Event: 7.311 GC heap before
{Heap before GC invocations=21 (full 0):
 garbage-first heap   total 123904K, used 87986K [0x00000000c0000000, 0x0000000100000000)
  region size 1024K, 38 young (38912K), 1 survivors (1024K)
 Metaspace       used 44309K, committed 44736K, reserved 1114112K
  class space    used 5460K, committed 5632K, reserved 1048576K
}
Event: 7.325 GC heap after
{Heap after GC invocations=22 (full 0):
 garbage-first heap   total 123904K, used 62534K [0x00000000c0000000, 0x0000000100000000)
  region size 1024K, 5 young (5120K), 5 survivors (5120K)
 Metaspace       used 44309K, committed 44736K, reserved 1114112K
  class space    used 5460K, committed 5632K, reserved 1048576K
}
Event: 7.484 GC heap before
{Heap before GC invocations=22 (full 0):
 garbage-first heap   total 123904K, used 76870K [0x00000000c0000000, 0x0000000100000000)
  region size 1024K, 21 young (21504K), 5 survivors (5120K)
 Metaspace       used 45988K, committed 46464K, reserved 1114112K
  class space    used 5563K, committed 5760K, reserved 1048576K
}
Event: 7.492 GC heap after
{Heap after GC invocations=23 (full 0):
 garbage-first heap   total 123904K, used 67890K [0x00000000c0000000, 0x0000000100000000)
  region size 1024K, 5 young (5120K), 5 survivors (5120K)
 Metaspace       used 45988K, committed 46464K, reserved 1114112K
  class space    used 5563K, committed 5760K, reserved 1048576K
}
Event: 7.623 GC heap before
{Heap before GC invocations=23 (full 0):
 garbage-first heap   total 158720K, used 93490K [0x00000000c0000000, 0x0000000100000000)
  region size 1024K, 29 young (29696K), 5 survivors (5120K)
 Metaspace       used 47021K, committed 47488K, reserved 1114112K
  class space    used 5677K, committed 5888K, reserved 1048576K
}
Event: 7.644 GC heap after
{Heap after GC invocations=24 (full 0):
 garbage-first heap   total 262144K, used 80184K [0x00000000c0000000, 0x0000000100000000)
  region size 1024K, 4 young (4096K), 4 survivors (4096K)
 Metaspace       used 47021K, committed 47488K, reserved 1114112K
  class space    used 5677K, committed 5888K, reserved 1048576K
}
Event: 7.807 GC heap before
{Heap before GC invocations=25 (full 0):
 garbage-first heap   total 262144K, used 164151K [0x00000000c0000000, 0x0000000100000000)
  region size 1024K, 87 young (89088K), 4 survivors (4096K)
 Metaspace       used 47500K, committed 48000K, reserved 1114112K
  class space    used 5740K, committed 5952K, reserved 1048576K
}
Event: 7.834 GC heap after
{Heap after GC invocations=26 (full 0):
 garbage-first heap   total 262144K, used 88886K [0x00000000c0000000, 0x0000000100000000)
  region size 1024K, 11 young (11264K), 11 survivors (11264K)
 Metaspace       used 47500K, committed 48000K, reserved 1114112K
  class space    used 5740K, committed 5952K, reserved 1048576K
}
Event: 7.838 GC heap before
{Heap before GC invocations=26 (full 0):
 garbage-first heap   total 262144K, used 88886K [0x00000000c0000000, 0x0000000100000000)
  region size 1024K, 12 young (12288K), 11 survivors (11264K)
 Metaspace       used 47500K, committed 48000K, reserved 1114112K
  class space    used 5740K, committed 5952K, reserved 1048576K
}
Event: 7.854 GC heap after
{Heap after GC invocations=27 (full 0):
 garbage-first heap   total 262144K, used 90035K [0x00000000c0000000, 0x0000000100000000)
  region size 1024K, 2 young (2048K), 2 survivors (2048K)
 Metaspace       used 47500K, committed 48000K, reserved 1114112K
  class space    used 5740K, committed 5952K, reserved 1048576K
}
Event: 7.897 GC heap before
{Heap before GC invocations=27 (full 0):
 garbage-first heap   total 262144K, used 176051K [0x00000000c0000000, 0x0000000100000000)
  region size 1024K, 87 young (89088K), 2 survivors (2048K)
 Metaspace       used 47500K, committed 48000K, reserved 1114112K
  class space    used 5740K, committed 5952K, reserved 1048576K
}
Event: 7.901 GC heap after
{Heap after GC invocations=28 (full 0):
 garbage-first heap   total 262144K, used 92556K [0x00000000c0000000, 0x0000000100000000)
  region size 1024K, 4 young (4096K), 4 survivors (4096K)
 Metaspace       used 47500K, committed 48000K, reserved 1114112K
  class space    used 5740K, committed 5952K, reserved 1048576K
}
Event: 7.953 GC heap before
{Heap before GC invocations=28 (full 0):
 garbage-first heap   total 262144K, used 184716K [0x00000000c0000000, 0x0000000100000000)
  region size 1024K, 95 young (97280K), 4 survivors (4096K)
 Metaspace       used 47635K, committed 48064K, reserved 1114112K
  class space    used 5749K, committed 5952K, reserved 1048576K
}
Event: 7.961 GC heap after
{Heap after GC invocations=29 (full 0):
 garbage-first heap   total 262144K, used 96061K [0x00000000c0000000, 0x0000000100000000)
  region size 1024K, 8 young (8192K), 8 survivors (8192K)
 Metaspace       used 47635K, committed 48064K, reserved 1114112K
  class space    used 5749K, committed 5952K, reserved 1048576K
}
Event: 8.015 GC heap before
{Heap before GC invocations=29 (full 0):
 garbage-first heap   total 262144K, used 195389K [0x00000000c0000000, 0x0000000100000000)
  region size 1024K, 106 young (108544K), 8 survivors (8192K)
 Metaspace       used 47788K, committed 48192K, reserved 1114112K
  class space    used 5781K, committed 5952K, reserved 1048576K
}

