# JRE version: OpenJDK Runtime Environment Temurin-17.0.7+7 (17.0.7+7) (build 17.0.7+7)
# Java VM: OpenJDK 64-Bit Server VM Temurin-17.0.7+7 (17.0.7+7, mixed mode, emulated-client, tiered, compressed oops, compressed class ptrs, g1 gc, windows-amd64)
GC Precious Log:
 CPUs: 4 total, 4 available
 Memory: 8014M
 Large Page Support: Disabled
 NUMA Support: Disabled
 Compressed Oops: Enabled (32-bit)
 Heap Region Size: 1M
 Heap Min Capacity: 8M
 Heap Initial Capacity: 126M
 Heap Max Capacity: 1G
 Pre-touch: Disabled
 Parallel Workers: 4
 Concurrent Workers: 1
 Concurrent Refinement Workers: 4
 Periodic GC: Disabled
Heap:
 garbage-first heap   total 129024K, used 76939K [0x00000000c0000000, 0x0000000100000000)
  region size 1024K, 4 young (4096K), 4 survivors (4096K)
 Metaspace       used 47179K, committed 47616K, reserved 1114112K
  class space    used 5696K, committed 5888K, reserved 1048576K
GC Heap History (20 events):
Event: 3.562 GC heap after
{Heap after GC invocations=9 (full 0):
 garbage-first heap   total 102400K, used 21224K [0x00000000c0000000, 0x0000000100000000)
  region size 1024K, 3 young (3072K), 3 survivors (3072K)
 Metaspace       used 33723K, committed 34048K, reserved 1114112K
  class space    used 4073K, committed 4224K, reserved 1048576K
}
Event: 3.838 GC heap before
{Heap before GC invocations=9 (full 0):
 garbage-first heap   total 102400K, used 30440K [0x00000000c0000000, 0x0000000100000000)
  region size 1024K, 13 young (13312K), 3 survivors (3072K)
 Metaspace       used 35868K, committed 36160K, reserved 1114112K
  class space    used 4350K, committed 4480K, reserved 1048576K
}
Event: 3.847 GC heap after
{Heap after GC invocations=10 (full 0):
 garbage-first heap   total 102400K, used 21477K [0x00000000c0000000, 0x0000000100000000)
  region size 1024K, 4 young (4096K), 4 survivors (4096K)
 Metaspace       used 35868K, committed 36160K, reserved 1114112K
  class space    used 4350K, committed 4480K, reserved 1048576K
}
Event: 4.714 GC heap before
{Heap before GC invocations=11 (full 0):
 garbage-first heap   total 78848K, used 65509K [0x00000000c0000000, 0x0000000100000000)
  region size 1024K, 46 young (47104K), 4 survivors (4096K)
 Metaspace       used 40677K, committed 41088K, reserved 1114112K
  class space    used 5116K, committed 5312K, reserved 1048576K
}
Event: 4.724 GC heap after
{Heap after GC invocations=12 (full 0):
 garbage-first heap   total 78848K, used 26705K [0x00000000c0000000, 0x0000000100000000)
  region size 1024K, 6 young (6144K), 6 survivors (6144K)
 Metaspace       used 40677K, committed 41088K, reserved 1114112K
  class space    used 5116K, committed 5312K, reserved 1048576K
}
Event: 5.011 GC heap before
{Heap before GC invocations=12 (full 0):
 garbage-first heap   total 78848K, used 56401K [0x00000000c0000000, 0x0000000100000000)
  region size 1024K, 36 young (36864K), 6 survivors (6144K)
 Metaspace       used 41023K, committed 41408K, reserved 1114112K
  class space    used 5176K, committed 5312K, reserved 1048576K
}
Event: 5.027 GC heap after
{Heap after GC invocations=13 (full 0):
 garbage-first heap   total 78848K, used 32578K [0x00000000c0000000, 0x0000000100000000)
  region size 1024K, 5 young (5120K), 5 survivors (5120K)
 Metaspace       used 41023K, committed 41408K, reserved 1114112K
  class space    used 5176K, committed 5312K, reserved 1048576K
}
Event: 5.170 GC heap before
{Heap before GC invocations=13 (full 0):
 garbage-first heap   total 78848K, used 56130K [0x00000000c0000000, 0x0000000100000000)
  region size 1024K, 29 young (29696K), 5 survivors (5120K)
 Metaspace       used 41596K, committed 42112K, reserved 1114112K
  class space    used 5215K, committed 5440K, reserved 1048576K
}
Event: 5.181 GC heap after
{Heap after GC invocations=14 (full 0):
 garbage-first heap   total 78848K, used 37608K [0x00000000c0000000, 0x0000000100000000)
  region size 1024K, 4 young (4096K), 4 survivors (4096K)
 Metaspace       used 41596K, committed 42112K, reserved 1114112K
  class space    used 5215K, committed 5440K, reserved 1048576K
}
Event: 5.257 GC heap before
{Heap before GC invocations=14 (full 0):
 garbage-first heap   total 78848K, used 58088K [0x00000000c0000000, 0x0000000100000000)
  region size 1024K, 25 young (25600K), 4 survivors (4096K)
 Metaspace       used 42027K, committed 42496K, reserved 1114112K
  class space    used 5265K, committed 5504K, reserved 1048576K
}
Event: 5.267 GC heap after
{Heap after GC invocations=15 (full 0):
 garbage-first heap   total 107520K, used 41101K [0x00000000c0000000, 0x0000000100000000)
  region size 1024K, 4 young (4096K), 4 survivors (4096K)
 Metaspace       used 42027K, committed 42496K, reserved 1114112K
  class space    used 5265K, committed 5504K, reserved 1048576K
}
Event: 5.394 GC heap before
{Heap before GC invocations=15 (full 0):
 garbage-first heap   total 107520K, used 76941K [0x00000000c0000000, 0x0000000100000000)
  region size 1024K, 40 young (40960K), 4 survivors (4096K)
 Metaspace       used 43124K, committed 43584K, reserved 1114112K
  class space    used 5329K, committed 5568K, reserved 1048576K
}
Event: 5.406 GC heap after
{Heap after GC invocations=16 (full 0):
 garbage-first heap   total 107520K, used 46643K [0x00000000c0000000, 0x0000000100000000)
  region size 1024K, 5 young (5120K), 5 survivors (5120K)
 Metaspace       used 43124K, committed 43584K, reserved 1114112K
  class space    used 5329K, committed 5568K, reserved 1048576K
}
Event: 5.500 GC heap before
{Heap before GC invocations=16 (full 0):
 garbage-first heap   total 107520K, used 79411K [0x00000000c0000000, 0x0000000100000000)
  region size 1024K, 38 young (38912K), 5 survivors (5120K)
 Metaspace       used 43403K, committed 43840K, reserved 1114112K
  class space    used 5357K, committed 5568K, reserved 1048576K
}
Event: 5.521 GC heap after
{Heap after GC invocations=17 (full 0):
 garbage-first heap   total 107520K, used 58849K [0x00000000c0000000, 0x0000000100000000)
  region size 1024K, 5 young (5120K), 5 survivors (5120K)
 Metaspace       used 43403K, committed 43840K, reserved 1114112K
  class space    used 5357K, committed 5568K, reserved 1048576K
}
Event: 5.776 GC heap before
{Heap before GC invocations=17 (full 0):
 garbage-first heap   total 107520K, used 79329K [0x00000000c0000000, 0x0000000100000000)
  region size 1024K, 26 young (26624K), 5 survivors (5120K)
 Metaspace       used 44812K, committed 45312K, reserved 1114112K
  class space    used 5486K, committed 5696K, reserved 1048576K
}
Event: 5.786 GC heap after
{Heap after GC invocations=18 (full 0):
 garbage-first heap   total 107520K, used 64714K [0x00000000c0000000, 0x0000000100000000)
  region size 1024K, 4 young (4096K), 4 survivors (4096K)
 Metaspace       used 44812K, committed 45312K, reserved 1114112K
  class space    used 5486K, committed 5696K, reserved 1048576K
}
Event: 5.959 GC heap before
{Heap before GC invocations=19 (full 0):
 garbage-first heap   total 128000K, used 82122K [0x00000000c0000000, 0x0000000100000000)
  region size 1024K, 21 young (21504K), 4 survivors (4096K)
 Metaspace       used 46606K, committed 47040K, reserved 1114112K
  class space    used 5624K, committed 5824K, reserved 1048576K
}
Event: 5.968 GC heap after
{Heap after GC invocations=20 (full 0):
 garbage-first heap   total 128000K, used 70376K [0x00000000c0000000, 0x0000000100000000)
  region size 1024K, 3 young (3072K), 3 survivors (3072K)
 Metaspace       used 46606K, committed 47040K, reserved 1114112K
  class space    used 5624K, committed 5824K, reserved 1048576K
}
Event: 6.024 GC heap before
{Heap before GC invocations=20 (full 0):
 garbage-first heap   total 128000K, used 84712K [0x00000000c0000000, 0x0000000100000000)
  region size 1024K, 19 young (19456K), 3 survivors (3072K)
 Metaspace       used 47179K, committed 47616K, reserved 1114112K
  class space    used 5696K, committed 5888K, reserved 1048576K
}

